<?xml version="1.0" encoding="UTF-8"?>
<!-- Generated by org.testng.reporters.JUnitXMLReporter -->
<testsuite ignored="0" hostname="DESKTOP-LLLGMOJ" failures="4" tests="23" name="Test" time="65.138" errors="0" timestamp="2024-08-28T21:33:56 IST">
  <testcase classname="day10.testngExample2.AnnotationList" name="f5" time="0.008"/>
  <testcase classname="day10.testngExample2.GoogleApplicationWithBeforeAfter" name="testVtigerHomePage" time="0.125">
    <skipped/>
  </testcase> <!-- testVtigerHomePage -->
  <testcase classname="day10.testngExample2.GoogleApplicationWithBeforeAfter" name="testVtigerHomePage" time="0.113">
    <skipped/>
  </testcase> <!-- testVtigerHomePage -->
  <testcase classname="day10.testngExample2.GoogleApplicationWithBeforeAfter" name="testVtigerHomePage" time="0.059">
    <failure type="java.lang.AssertionError" message="Vtiger home page not opened or its title got changed expected [Dashboard] but found [Google]">
      <![CDATA[java.lang.AssertionError: Vtiger home page not opened or its title got changed expected [Dashboard] but found [Google]
at day10.testngExample2.GoogleApplicationWithBeforeAfter.testVtigerHomePage(GoogleApplicationWithBeforeAfter.java:29)
at java.base/java.util.ArrayList.forEach(ArrayList.java:1511)
... Removed 32 stack frames]]>
    </failure>
  </testcase> <!-- testVtigerHomePage -->
  <testcase classname="day10.testngExample2.GoogleApplicationWithBeforeAfter" name="testReportsPage" time="2.454">
    <skipped/>
  </testcase> <!-- testReportsPage -->
  <testcase classname="day10.testngExample2.GoogleApplicationWithBeforeAfter" name="testReportsPage" time="1.496">
    <skipped/>
  </testcase> <!-- testReportsPage -->
  <testcase classname="day10.testngExample2.GoogleApplicationWithBeforeAfter" name="testReportsPage" time="2.918">
    <failure type="java.lang.AssertionError" message="Reports page not opened or its title got changed expected [Reports] but found [Google]">
      <![CDATA[java.lang.AssertionError: Reports page not opened or its title got changed expected [Reports] but found [Google]
at day10.testngExample2.GoogleApplicationWithBeforeAfter.testReportsPage(GoogleApplicationWithBeforeAfter.java:36)
at java.base/java.util.ArrayList.forEach(ArrayList.java:1511)
... Removed 32 stack frames]]>
    </failure>
  </testcase> <!-- testReportsPage -->
  <testcase classname="day10.testngExample2.Assignment" name="createPim" time="0.018"/>
  <testcase classname="day10.testngExample2.Assignment" name="updatePim" time="0.009"/>
  <testcase classname="day10.testngExample2.Assignment" name="deletePim" time="0.01"/>
  <testcase classname="day10.testngExample2.ExampleWithBeforeAfterSuite" name="testCase1" time="0.006"/>
  <testcase classname="day10.testngExample2.GoogleApplicationWithBeforeAfterMethod" name="testGoogleLandingPage" time="0.041"/>
  <testcase classname="day10.testngExample2.GoogleApplicationWithBeforeAfterMethod" name="testSearch" time="4.221"/>
  <testcase classname="day10.testngExample2.GoogleApplicationWithBeforeAfterTest" name="testGoogleLandingPage" time="0.014">
    <skipped/>
  </testcase> <!-- testGoogleLandingPage -->
  <testcase classname="day10.testngExample2.GoogleApplicationWithBeforeAfterTest" name="testGoogleLandingPage" time="0.008">
    <skipped/>
  </testcase> <!-- testGoogleLandingPage -->
  <testcase classname="day10.testngExample2.GoogleApplicationWithBeforeAfterTest" name="testGoogleLandingPage" time="0.002">
    <failure type="org.openqa.selenium.NoSuchSessionException" message="Session ID is null. Using WebDriver after calling quit()?
Build info: version: &amp;apos;4.16.1&amp;apos;, revision: &amp;apos;9b4c83354e&amp;apos;
System info: os.name: &amp;apos;Windows 10&amp;apos;, os.arch: &amp;apos;amd64&amp;apos;, os.version: &amp;apos;10.0&amp;apos;, java.version: &amp;apos;17.0.3&amp;apos;
Driver info: org.openqa.selenium.chrome.ChromeDriver
Command: [null, getTitle {}]
Capabilities {acceptInsecureCerts: false, browserName: chrome, browserVersion: 127.0.6533.120, chrome: {chromedriverVersion: 127.0.6533.119 (bdef6783a05..., userDataDir: C:\Users\Asus\AppData\Local...}, fedcm:accounts: true, goog:chromeOptions: {debuggerAddress: localhost:51155}, networkConnectionEnabled: false, pageLoadStrategy: normal, platformName: windows, proxy: Proxy(), se:cdp: ws://localhost:51155/devtoo..., se:cdpVersion: 127.0.6533.120, setWindowRect: true, strictFileInteractability: false, timeouts: {implicit: 0, pageLoad: 300000, script: 30000}, unhandledPromptBehavior: dismiss and notify, webauthn:extension:credBlob: true, webauthn:extension:largeBlob: true, webauthn:extension:minPinLength: true, webauthn:extension:prf: true, webauthn:virtualAuthenticators: true}">
      <![CDATA[org.openqa.selenium.NoSuchSessionException: Session ID is null. Using WebDriver after calling quit()?
Build info: version: '4.16.1', revision: '9b4c83354e'
System info: os.name: 'Windows 10', os.arch: 'amd64', os.version: '10.0', java.version: '17.0.3'
Driver info: org.openqa.selenium.chrome.ChromeDriver
Command: [null, getTitle {}]
Capabilities {acceptInsecureCerts: false, browserName: chrome, browserVersion: 127.0.6533.120, chrome: {chromedriverVersion: 127.0.6533.119 (bdef6783a05..., userDataDir: C:\Users\Asus\AppData\Local...}, fedcm:accounts: true, goog:chromeOptions: {debuggerAddress: localhost:51155}, networkConnectionEnabled: false, pageLoadStrategy: normal, platformName: windows, proxy: Proxy(), se:cdp: ws://localhost:51155/devtoo..., se:cdpVersion: 127.0.6533.120, setWindowRect: true, strictFileInteractability: false, timeouts: {implicit: 0, pageLoad: 300000, script: 30000}, unhandledPromptBehavior: dismiss and notify, webauthn:extension:credBlob: true, webauthn:extension:largeBlob: true, webauthn:extension:minPinLength: true, webauthn:extension:prf: true, webauthn:virtualAuthenticators: true}
at org.openqa.selenium.remote.HttpCommandExecutor.execute(HttpCommandExecutor.java:152)
at org.openqa.selenium.remote.service.DriverCommandExecutor.invokeExecute(DriverCommandExecutor.java:200)
at org.openqa.selenium.remote.service.DriverCommandExecutor.execute(DriverCommandExecutor.java:175)
at org.openqa.selenium.remote.RemoteWebDriver.execute(RemoteWebDriver.java:523)
at org.openqa.selenium.remote.RemoteWebDriver.execute(RemoteWebDriver.java:596)
at org.openqa.selenium.remote.RemoteWebDriver.execute(RemoteWebDriver.java:600)
at org.openqa.selenium.remote.RemoteWebDriver.getTitle(RemoteWebDriver.java:310)
at reusableComponent.SeleniumUtility.getCurrentTitleOfApplication(SeleniumUtility.java:138)
at day10.testngExample2.GoogleApplicationWithBeforeAfterTest.testGoogleLandingPage(GoogleApplicationWithBeforeAfterTest.java:23)
at java.base/java.util.ArrayList.forEach(ArrayList.java:1511)
... Removed 27 stack frames]]>
    </failure>
  </testcase> <!-- testGoogleLandingPage -->
  <testcase classname="day10.testngExample2.GoogleApplicationWithBeforeAfterTest" name="testSearch" time="0.529">
    <skipped/>
  </testcase> <!-- testSearch -->
  <testcase classname="day10.testngExample2.GoogleApplicationWithBeforeAfterTest" name="testSearch" time="4.016">
    <skipped/>
  </testcase> <!-- testSearch -->
  <testcase classname="day10.testngExample2.GoogleApplicationWithBeforeAfterTest" name="testSearch" time="0.609">
    <failure type="org.openqa.selenium.NoSuchSessionException" message="Session ID is null. Using WebDriver after calling quit()?
Build info: version: &amp;apos;4.16.1&amp;apos;, revision: &amp;apos;9b4c83354e&amp;apos;
System info: os.name: &amp;apos;Windows 10&amp;apos;, os.arch: &amp;apos;amd64&amp;apos;, os.version: &amp;apos;10.0&amp;apos;, java.version: &amp;apos;17.0.3&amp;apos;
Driver info: org.openqa.selenium.chrome.ChromeDriver
Command: [null, getTitle {}]
Capabilities {acceptInsecureCerts: false, browserName: chrome, browserVersion: 127.0.6533.120, chrome: {chromedriverVersion: 127.0.6533.119 (bdef6783a05..., userDataDir: C:\Users\Asus\AppData\Local...}, fedcm:accounts: true, goog:chromeOptions: {debuggerAddress: localhost:51155}, networkConnectionEnabled: false, pageLoadStrategy: normal, platformName: windows, proxy: Proxy(), se:cdp: ws://localhost:51155/devtoo..., se:cdpVersion: 127.0.6533.120, setWindowRect: true, strictFileInteractability: false, timeouts: {implicit: 0, pageLoad: 300000, script: 30000}, unhandledPromptBehavior: dismiss and notify, webauthn:extension:credBlob: true, webauthn:extension:largeBlob: true, webauthn:extension:minPinLength: true, webauthn:extension:prf: true, webauthn:virtualAuthenticators: true}">
      <![CDATA[org.openqa.selenium.NoSuchSessionException: Session ID is null. Using WebDriver after calling quit()?
Build info: version: '4.16.1', revision: '9b4c83354e'
System info: os.name: 'Windows 10', os.arch: 'amd64', os.version: '10.0', java.version: '17.0.3'
Driver info: org.openqa.selenium.chrome.ChromeDriver
Command: [null, getTitle {}]
Capabilities {acceptInsecureCerts: false, browserName: chrome, browserVersion: 127.0.6533.120, chrome: {chromedriverVersion: 127.0.6533.119 (bdef6783a05..., userDataDir: C:\Users\Asus\AppData\Local...}, fedcm:accounts: true, goog:chromeOptions: {debuggerAddress: localhost:51155}, networkConnectionEnabled: false, pageLoadStrategy: normal, platformName: windows, proxy: Proxy(), se:cdp: ws://localhost:51155/devtoo..., se:cdpVersion: 127.0.6533.120, setWindowRect: true, strictFileInteractability: false, timeouts: {implicit: 0, pageLoad: 300000, script: 30000}, unhandledPromptBehavior: dismiss and notify, webauthn:extension:credBlob: true, webauthn:extension:largeBlob: true, webauthn:extension:minPinLength: true, webauthn:extension:prf: true, webauthn:virtualAuthenticators: true}
at org.openqa.selenium.remote.HttpCommandExecutor.execute(HttpCommandExecutor.java:152)
at org.openqa.selenium.remote.service.DriverCommandExecutor.invokeExecute(DriverCommandExecutor.java:200)
at org.openqa.selenium.remote.service.DriverCommandExecutor.execute(DriverCommandExecutor.java:175)
at org.openqa.selenium.remote.RemoteWebDriver.execute(RemoteWebDriver.java:523)
at org.openqa.selenium.remote.RemoteWebDriver.execute(RemoteWebDriver.java:596)
at org.openqa.selenium.remote.RemoteWebDriver.execute(RemoteWebDriver.java:600)
at org.openqa.selenium.remote.RemoteWebDriver.getTitle(RemoteWebDriver.java:310)
at reusableComponent.SeleniumUtility.getCurrentTitleOfApplication(SeleniumUtility.java:138)
at day10.testngExample2.GoogleApplicationWithBeforeAfterTest.testSearch(GoogleApplicationWithBeforeAfterTest.java:29)
at java.base/java.util.ArrayList.forEach(ArrayList.java:1511)
... Removed 27 stack frames]]>
    </failure>
  </testcase> <!-- testSearch -->
  <testcase classname="day10.testngExample2.ClassLabelAnnotations" name="testCase1" time="0.002"/>
  <testcase classname="day10.testngExample2.ClassLabelAnnotations" name="testCase2" time="0.003"/>
  <testcase classname="day10.testngExample2.ClassLabelAnnotations" name="testCase3" time="0.01"/>
  <testcase classname="day10.testngExample2.ClassLabelAnnotations" name="testCase4" time="0.003"/>
</testsuite> <!-- Test -->
